<?xml version="1.0" encoding="UTF-8"?>
<!-- Generated by org.testng.reporters.JUnitReportReporter -->
<testsuite skipped="0" hostname="WINDOWS-MC58R68" name="unit.w" tests="1" failures="0" timestamp="21 Mar 2017 07:36:34 GMT" time="0.011" errors="0">
  <testcase name="testcal1" time="0.011" classname="unit.w"/>
</testsuite> <!-- unit.w -->
